{
  "RSpec": {
    "coverage": {
      "/Users/aleksandrastolyar/Dev/todo_list/config/environment.rb": [
        null,
        1,
        null,
        null,
        1
      ],
      "/Users/aleksandrastolyar/Dev/todo_list/config/application.rb": [
        1,
        null,
        1,
        null,
        null,
        null,
        1,
        null,
        1,
        1,
        null,
        null,
        null,
        null,
        null,
        null,
        null,
        null,
        null,
        null,
        null,
        null,
        null,
        1,
        1,
        null,
        1,
        null,
        1,
        1,
        null,
        1,
        null,
        1,
        null,
        1,
        1,
        1,
        null,
        null,
        null,
        null
      ],
      "/Users/aleksandrastolyar/Dev/todo_list/config/boot.rb": [
        1,
        null,
        1
      ],
      "/Users/aleksandrastolyar/Dev/todo_list/config/environments/test.rb": [
        1,
        null,
        null,
        null,
        null,
        null,
        null,
        1,
        null,
        null,
        null,
        null,
        1,
        null,
        null,
        1,
        1,
        null,
        null,
        1,
        1,
        null,
        null,
        1,
        null,
        null,
        1,
        null,
        null,
        null,
        null,
        1,
        null,
        null,
        1,
        null,
        null,
        1,
        null,
        null,
        null,
        null
      ],
      "/Users/aleksandrastolyar/Dev/todo_list/config/initializers/assets.rb": [
        null,
        null,
        null,
        1,
        null,
        null,
        null,
        null,
        null,
        null,
        null
      ],
      "/Users/aleksandrastolyar/Dev/todo_list/config/initializers/backtrace_silencers.rb": [
        null,
        null,
        null,
        null,
        null,
        null,
        null
      ],
      "/Users/aleksandrastolyar/Dev/todo_list/config/initializers/bower_rails.rb": [
        1,
        null,
        null,
        null,
        null,
        null,
        null,
        null,
        null,
        null,
        null,
        null,
        null,
        null,
        null,
        null,
        null,
        null,
        null
      ],
      "/Users/aleksandrastolyar/Dev/todo_list/config/initializers/cookies_serializer.rb": [
        null,
        null,
        1
      ],
      "/Users/aleksandrastolyar/Dev/todo_list/config/initializers/devise.rb": [
        null,
        null,
        1,
        null,
        null,
        null,
        null,
        null,
        1,
        null,
        null,
        null,
        null,
        null,
        1,
        null,
        null,
        null,
        null,
        1,
        null,
        null,
        null,
        null,
        1,
        null,
        null,
        null,
        null,
        null,
        null,
        1,
        null,
        null,
        null,
        null,
        null,
        null,
        null,
        null,
        null,
        null,
        1,
        null,
        null,
        null,
        null,
        null,
        1,
        null,
        null,
        null,
        1,
        null,
        null,
        null,
        null,
        1,
        null,
        null,
        null,
        null,
        1,
        null,
        null,
        1,
        null,
        null,
        null,
        null,
        1,
        null,
        null,
        null,
        null,
        null,
        null,
        null
      ],
      "/Users/aleksandrastolyar/Dev/todo_list/config/initializers/filter_parameter_logging.rb": [
        null,
        null,
        null,
        1
      ],
      "/Users/aleksandrastolyar/Dev/todo_list/config/initializers/inflections.rb": [
        null,
        null,
        null,
        null,
        null,
        null,
        null,
        null,
        null,
        null,
        null,
        null,
        null,
        null,
        null,
        null
      ],
      "/Users/aleksandrastolyar/Dev/todo_list/config/initializers/mime_types.rb": [
        null,
        null,
        null,
        null
      ],
      "/Users/aleksandrastolyar/Dev/todo_list/config/initializers/session_store.rb": [
        null,
        null,
        1
      ],
      "/Users/aleksandrastolyar/Dev/todo_list/config/initializers/wrap_parameters.rb": [
        null,
        null,
        null,
        null,
        null,
        null,
        1,
        1,
        null,
        null,
        null,
        null,
        null,
        null
      ],
      "/Users/aleksandrastolyar/Dev/todo_list/config/routes.rb": [
        1,
        1,
        null,
        null,
        null,
        null,
        1,
        null,
        1,
        1,
        1,
        null,
        1,
        1,
        1,
        null,
        1,
        1,
        null,
        null,
        null,
        null,
        1,
        null,
        null,
        null,
        null,
        null,
        null,
        null,
        null,
        null,
        null,
        null,
        null,
        null,
        null,
        null,
        null,
        null,
        null,
        null,
        null,
        null,
        null,
        null,
        null,
        null,
        null,
        null,
        null,
        null,
        null,
        null,
        null,
        null,
        null,
        null,
        null,
        null,
        null,
        null,
        null,
        null,
        null,
        null,
        null,
        null,
        null,
        null,
        null,
        null,
        null
      ],
      "/Users/aleksandrastolyar/Dev/todo_list/app/models/user.rb": [
        1,
        null,
        1,
        null,
        null,
        null,
        1,
        null,
        1,
        1,
        null,
        1,
        0,
        0,
        0,
        0,
        0,
        null,
        null,
        null
      ],
      "/Users/aleksandrastolyar/Dev/todo_list/app/helpers/application_helper.rb": [
        1,
        null
      ],
      "/Users/aleksandrastolyar/Dev/todo_list/app/helpers/attachments_helper.rb": [
        1,
        null
      ],
      "/Users/aleksandrastolyar/Dev/todo_list/app/helpers/comments_helper.rb": [
        1,
        null
      ],
      "/Users/aleksandrastolyar/Dev/todo_list/app/helpers/projects_helper.rb": [
        1,
        null
      ],
      "/Users/aleksandrastolyar/Dev/todo_list/app/helpers/tasks_helper.rb": [
        1,
        null
      ],
      "/Users/aleksandrastolyar/Dev/todo_list/app/controllers/attachments_controller.rb": [
        1,
        1,
        1,
        null,
        1,
        4,
        4,
        4,
        null,
        null,
        1,
        null,
        1,
        8,
        null,
        null
      ],
      "/Users/aleksandrastolyar/Dev/todo_list/app/controllers/application_controller.rb": [
        1,
        1,
        1,
        null,
        1,
        11,
        null,
        null,
        1,
        0,
        null,
        null,
        null
      ],
      "/Users/aleksandrastolyar/Dev/todo_list/app/controllers/comments_controller.rb": [
        1,
        1,
        1,
        null,
        1,
        5,
        5,
        4,
        null,
        1,
        null,
        null,
        null,
        1,
        2,
        2,
        null,
        null,
        1,
        4,
        3,
        null,
        1,
        null,
        null,
        null,
        1,
        null,
        1,
        14,
        null,
        null,
        null
      ],
      "/Users/aleksandrastolyar/Dev/todo_list/app/controllers/projects_controller.rb": [
        1,
        1,
        null,
        1,
        1,
        null,
        null,
        1,
        5,
        5,
        4,
        null,
        1,
        null,
        null,
        null,
        1,
        4,
        3,
        null,
        1,
        null,
        null,
        null,
        1,
        2,
        2,
        null,
        null,
        1,
        0,
        0,
        0,
        0,
        0,
        null,
        0,
        null,
        null,
        1,
        null,
        1,
        24,
        null,
        null,
        null
      ],
      "/Users/aleksandrastolyar/Dev/todo_list/app/controllers/tasks_controller.rb": [
        1,
        1,
        1,
        null,
        1,
        5,
        5,
        4,
        null,
        1,
        null,
        null,
        null,
        1,
        4,
        3,
        null,
        1,
        null,
        null,
        null,
        1,
        2,
        2,
        null,
        null,
        1,
        0,
        0,
        null,
        null,
        1,
        null,
        1,
        14,
        null,
        null,
        null
      ],
      "/Users/aleksandrastolyar/Dev/todo_list/app/models/attachment.rb": [
        1,
        1,
        1,
        null,
        1,
        null,
        null
      ],
      "/Users/aleksandrastolyar/Dev/todo_list/app/uploaders/attachment_uploader.rb": [
        null,
        null,
        1,
        null,
        1,
        null,
        1,
        0,
        null,
        null,
        1,
        null,
        null
      ],
      "/Users/aleksandrastolyar/Dev/todo_list/app/models/comment.rb": [
        1,
        1,
        null,
        1,
        null,
        1,
        null,
        1,
        4,
        null,
        null
      ],
      "/Users/aleksandrastolyar/Dev/todo_list/app/models/project.rb": [
        1,
        1,
        1,
        null,
        1,
        3,
        null,
        1,
        4,
        null,
        null,
        null
      ],
      "/Users/aleksandrastolyar/Dev/todo_list/app/models/task.rb": [
        1,
        1,
        1,
        1,
        null,
        1,
        null,
        1,
        null,
        1,
        1,
        1,
        null,
        1,
        1,
        null,
        null,
        1,
        1,
        null,
        null,
        null,
        1,
        1,
        1,
        null,
        null,
        1,
        4,
        null,
        null,
        null
      ],
      "/Users/aleksandrastolyar/Dev/todo_list/app/models/ability.rb": [
        1,
        1,
        null,
        1,
        64,
        null,
        64,
        57,
        57,
        57,
        57,
        null,
        null,
        null
      ]
    },
    "timestamp": 1456240862
  }
}
